# JRE version: Java(TM) SE Runtime Environment 18.9 (11.0.12+8) (build 11.0.12+8-LTS-237)
# Java VM: Java HotSpot(TM) 64-Bit Server VM 18.9 (11.0.12+8-LTS-237, mixed mode, tiered, compressed oops, g1 gc, windows-amd64)
Heap:
 garbage-first heap   total 520192K, used 247540K [0x0000000604600000, 0x0000000800000000)
  region size 2048K, 118 young (241664K), 6 survivors (12288K)
 Metaspace       used 49267K, capacity 50659K, committed 50864K, reserved 1093632K
  class space    used 5475K, capacity 6022K, committed 6144K, reserved 1048576K
GC Heap History (10 events):
Event: 2.285 GC heap before
{Heap before GC invocations=3 (full 0):
 garbage-first heap   total 520192K, used 65865K [0x0000000604600000, 0x0000000800000000)
  region size 2048K, 31 young (63488K), 4 survivors (8192K)
 Metaspace       used 25893K, capacity 26557K, committed 26672K, reserved 1073152K
  class space    used 2856K, capacity 3115K, committed 3200K, reserved 1048576K
}
Event: 2.289 GC heap after
{Heap after GC invocations=4 (full 0):
 garbage-first heap   total 520192K, used 12028K [0x0000000604600000, 0x0000000800000000)
  region size 2048K, 2 young (4096K), 2 survivors (4096K)
 Metaspace       used 25893K, capacity 26557K, committed 26672K, reserved 1073152K
  class space    used 2856K, capacity 3115K, committed 3200K, reserved 1048576K
}
Event: 3.093 GC heap before
{Heap before GC invocations=4 (full 0):
 garbage-first heap   total 520192K, used 87804K [0x0000000604600000, 0x0000000800000000)
  region size 2048K, 40 young (81920K), 2 survivors (4096K)
 Metaspace       used 33911K, capacity 34797K, committed 34992K, reserved 1079296K
  class space    used 3855K, capacity 4235K, committed 4352K, reserved 1048576K
}
Event: 3.097 GC heap after
{Heap after GC invocations=5 (full 0):
 garbage-first heap   total 520192K, used 15130K [0x0000000604600000, 0x0000000800000000)
  region size 2048K, 4 young (8192K), 4 survivors (8192K)
 Metaspace       used 33911K, capacity 34797K, committed 34992K, reserved 1079296K
  class space    used 3855K, capacity 4235K, committed 4352K, reserved 1048576K
}
Event: 3.185 GC heap before
{Heap before GC invocations=5 (full 0):
 garbage-first heap   total 520192K, used 27418K [0x0000000604600000, 0x0000000800000000)
  region size 2048K, 11 young (22528K), 4 survivors (8192K)
 Metaspace       used 34885K, capacity 35789K, committed 35920K, reserved 1081344K
  class space    used 3985K, capacity 4366K, committed 4480K, reserved 1048576K
}
Event: 3.190 GC heap after
{Heap after GC invocations=6 (full 0):
 garbage-first heap   total 520192K, used 16218K [0x0000000604600000, 0x0000000800000000)
  region size 2048K, 4 young (8192K), 4 survivors (8192K)
 Metaspace       used 34885K, capacity 35789K, committed 35920K, reserved 1081344K
  class space    used 3985K, capacity 4366K, committed 4480K, reserved 1048576K
}
Event: 803.709 GC heap before
{Heap before GC invocations=7 (full 0):
 garbage-first heap   total 520192K, used 122714K [0x0000000604600000, 0x0000000800000000)
  region size 2048K, 56 young (114688K), 4 survivors (8192K)
 Metaspace       used 46176K, capacity 47432K, committed 47536K, reserved 1091584K
  class space    used 5301K, capacity 5809K, committed 5888K, reserved 1048576K
}
Event: 803.716 GC heap after
{Heap after GC invocations=8 (full 0):
 garbage-first heap   total 520192K, used 20537K [0x0000000604600000, 0x0000000800000000)
  region size 2048K, 6 young (12288K), 6 survivors (12288K)
 Metaspace       used 46176K, capacity 47432K, committed 47536K, reserved 1091584K
  class space    used 5301K, capacity 5809K, committed 5888K, reserved 1048576K
}
Event: 14685.441 GC heap before
{Heap before GC invocations=8 (full 0):
 garbage-first heap   total 520192K, used 178233K [0x0000000604600000, 0x0000000800000000)
  region size 2048K, 83 young (169984K), 6 survivors (12288K)
 Metaspace       used 46941K, capacity 48235K, committed 48560K, reserved 1091584K
  class space    used 5306K, capacity 5815K, committed 5888K, reserved 1048576K
}
Event: 14685.453 GC heap after
{Heap after GC invocations=9 (full 0):
 garbage-first heap   total 520192K, used 22260K [0x0000000604600000, 0x0000000800000000)
  region size 2048K, 6 young (12288K), 6 survivors (12288K)
 Metaspace       used 46941K, capacity 48235K, committed 48560K, reserved 1091584K
  class space    used 5306K, capacity 5815K, committed 5888K, reserved 1048576K
}

